(node:32644) Warning: Accessing non-existent property 'lineno' of module exports inside circular dependency
(Use `node --trace-warnings ...` to show where the warning was created)
(node:32644) Warning: Accessing non-existent property 'column' of module exports inside circular dependency
(node:32644) Warning: Accessing non-existent property 'filename' of module exports inside circular dependency
(node:32644) Warning: Accessing non-existent property 'lineno' of module exports inside circular dependency
(node:32644) Warning: Accessing non-existent property 'column' of module exports inside circular dependency
(node:32644) Warning: Accessing non-existent property 'filename' of module exports inside circular dependency
INFO  Start processing
INFO  Generating Baidu urls for last 10 posts
INFO  Posts urls generated in baidu_urls.txt
http://wyzane.gitee.io/blog/2021/09/04/Linux%E6%9C%8D%E5%8A%A1%E5%99%A8%E4%B9%8B%E9%97%B4%E5%85%8D%E5%AF%86%E7%99%BB%E5%BD%95%E7%9A%84%E9%85%8D%E7%BD%AE/
http://wyzane.gitee.io/blog/2021/08/24/jenkins%E7%9A%84%E5%AE%89%E8%A3%85%E4%B8%8E%E7%AE%80%E5%8D%95%E4%BD%BF%E7%94%A8/
http://wyzane.gitee.io/blog/2021/05/22/%E6%8F%90%E9%AB%98%E6%96%87%E6%9C%AC%E6%9F%A5%E8%AF%A2%E6%95%88%E7%8E%87%E7%9A%84%E5%87%A0%E4%B8%AA%E5%91%BD%E4%BB%A4/
http://wyzane.gitee.io/blog/2021/05/19/Redis%E5%93%A8%E5%85%B5%E6%A8%A1%E5%BC%8F%E7%9A%84%E9%85%8D%E7%BD%AE%E4%B8%8E%E4%BD%BF%E7%94%A8/
http://wyzane.gitee.io/blog/2020/09/13/Python3%E4%B8%AD%E7%94%9F%E6%88%90%E5%99%A8%E5%92%8C%E5%8D%8F%E7%A8%8B%E7%9A%84%E4%BD%BF%E7%94%A8/
http://wyzane.gitee.io/blog/2020/08/30/openresty%E7%9A%84%E5%AE%89%E8%A3%85/
http://wyzane.gitee.io/blog/2020/08/02/nginx%E4%B8%AD%E5%A4%84%E7%90%86http%E8%AF%B7%E6%B1%82%E7%9A%84%E6%B5%81%E7%A8%8B/
http://wyzane.gitee.io/blog/2020/07/26/django%E5%BC%80%E5%8F%91%E4%B9%8B%E5%9C%A8docker%E4%B8%AD%E9%83%A8%E7%BD%B2%E9%A1%B9%E7%9B%AE/
http://wyzane.gitee.io/blog/2020/07/25/%E4%B8%BA%E5%B7%B2%E5%AE%89%E8%A3%85%E7%9A%84nginx%E5%8A%A8%E6%80%81%E6%B7%BB%E5%8A%A0%E6%A8%A1%E5%9D%97/
http://wyzane.gitee.io/blog/2020/07/20/%E4%BD%BF%E7%94%A8nginx%E6%90%AD%E5%BB%BA%E5%8F%8D%E5%90%91%E4%BB%A3%E7%90%86%E6%9C%8D%E5%8A%A1%E5%99%A8/
INFO  Hexo is running at http://localhost:4000 . Press Ctrl+C to stop.
(node:32644) Warning: Accessing non-existent property 'lineno' of module exports inside circular dependency
(node:32644) Warning: Accessing non-existent property 'column' of module exports inside circular dependency
(node:32644) Warning: Accessing non-existent property 'filename' of module exports inside circular dependency
(node:32644) Warning: Accessing non-existent property 'lineno' of module exports inside circular dependency
(node:32644) Warning: Accessing non-existent property 'column' of module exports inside circular dependency
(node:32644) Warning: Accessing non-existent property 'filename' of module exports inside circular dependency
(node:15342) Warning: Accessing non-existent property 'lineno' of module exports inside circular dependency
(Use `node --trace-warnings ...` to show where the warning was created)
(node:15342) Warning: Accessing non-existent property 'column' of module exports inside circular dependency
(node:15342) Warning: Accessing non-existent property 'filename' of module exports inside circular dependency
(node:15342) Warning: Accessing non-existent property 'lineno' of module exports inside circular dependency
(node:15342) Warning: Accessing non-existent property 'column' of module exports inside circular dependency
(node:15342) Warning: Accessing non-existent property 'filename' of module exports inside circular dependency
INFO  Start processing
INFO  Generating Baidu urls for last 10 posts
INFO  Posts urls generated in baidu_urls.txt
http://wyzane.gitee.io/blog/2021/09/04/Linux%E6%9C%8D%E5%8A%A1%E5%99%A8%E4%B9%8B%E9%97%B4%E5%85%8D%E5%AF%86%E7%99%BB%E5%BD%95%E7%9A%84%E9%85%8D%E7%BD%AE/
http://wyzane.gitee.io/blog/2021/08/24/jenkins%E7%9A%84%E5%AE%89%E8%A3%85%E4%B8%8E%E7%AE%80%E5%8D%95%E4%BD%BF%E7%94%A8/
http://wyzane.gitee.io/blog/2021/05/22/%E6%8F%90%E9%AB%98%E6%96%87%E6%9C%AC%E6%9F%A5%E8%AF%A2%E6%95%88%E7%8E%87%E7%9A%84%E5%87%A0%E4%B8%AA%E5%91%BD%E4%BB%A4/
http://wyzane.gitee.io/blog/2021/05/19/Redis%E5%93%A8%E5%85%B5%E6%A8%A1%E5%BC%8F%E7%9A%84%E9%85%8D%E7%BD%AE%E4%B8%8E%E4%BD%BF%E7%94%A8/
http://wyzane.gitee.io/blog/2020/09/13/Python3%E4%B8%AD%E7%94%9F%E6%88%90%E5%99%A8%E5%92%8C%E5%8D%8F%E7%A8%8B%E7%9A%84%E4%BD%BF%E7%94%A8/
http://wyzane.gitee.io/blog/2020/08/30/openresty%E7%9A%84%E5%AE%89%E8%A3%85/
http://wyzane.gitee.io/blog/2020/08/02/nginx%E4%B8%AD%E5%A4%84%E7%90%86http%E8%AF%B7%E6%B1%82%E7%9A%84%E6%B5%81%E7%A8%8B/
http://wyzane.gitee.io/blog/2020/07/26/django%E5%BC%80%E5%8F%91%E4%B9%8B%E5%9C%A8docker%E4%B8%AD%E9%83%A8%E7%BD%B2%E9%A1%B9%E7%9B%AE/
http://wyzane.gitee.io/blog/2020/07/25/%E4%B8%BA%E5%B7%B2%E5%AE%89%E8%A3%85%E7%9A%84nginx%E5%8A%A8%E6%80%81%E6%B7%BB%E5%8A%A0%E6%A8%A1%E5%9D%97/
http://wyzane.gitee.io/blog/2020/07/20/%E4%BD%BF%E7%94%A8nginx%E6%90%AD%E5%BB%BA%E5%8F%8D%E5%90%91%E4%BB%A3%E7%90%86%E6%9C%8D%E5%8A%A1%E5%99%A8/
INFO  Hexo is running at http://localhost:4000 . Press Ctrl+C to stop.
(node:15342) Warning: Accessing non-existent property 'lineno' of module exports inside circular dependency
(node:15342) Warning: Accessing non-existent property 'column' of module exports inside circular dependency
(node:15342) Warning: Accessing non-existent property 'filename' of module exports inside circular dependency
(node:15342) Warning: Accessing non-existent property 'lineno' of module exports inside circular dependency
(node:15342) Warning: Accessing non-existent property 'column' of module exports inside circular dependency
(node:15342) Warning: Accessing non-existent property 'filename' of module exports inside circular dependency
(node:651) Warning: Accessing non-existent property 'lineno' of module exports inside circular dependency
(Use `node --trace-warnings ...` to show where the warning was created)
(node:651) Warning: Accessing non-existent property 'column' of module exports inside circular dependency
(node:651) Warning: Accessing non-existent property 'filename' of module exports inside circular dependency
(node:651) Warning: Accessing non-existent property 'lineno' of module exports inside circular dependency
(node:651) Warning: Accessing non-existent property 'column' of module exports inside circular dependency
(node:651) Warning: Accessing non-existent property 'filename' of module exports inside circular dependency
INFO  Start processing
INFO  Generating Baidu urls for last 10 posts
INFO  Posts urls generated in baidu_urls.txt
http://wyzane.gitee.io/blog/2021/09/04/Linux%E6%9C%8D%E5%8A%A1%E5%99%A8%E4%B9%8B%E9%97%B4%E5%85%8D%E5%AF%86%E7%99%BB%E5%BD%95%E7%9A%84%E9%85%8D%E7%BD%AE/
http://wyzane.gitee.io/blog/2021/08/24/jenkins%E7%9A%84%E5%AE%89%E8%A3%85%E4%B8%8E%E7%AE%80%E5%8D%95%E4%BD%BF%E7%94%A8/
http://wyzane.gitee.io/blog/2021/05/22/%E6%8F%90%E9%AB%98%E6%96%87%E6%9C%AC%E6%9F%A5%E8%AF%A2%E6%95%88%E7%8E%87%E7%9A%84%E5%87%A0%E4%B8%AA%E5%91%BD%E4%BB%A4/
http://wyzane.gitee.io/blog/2021/05/19/Redis%E5%93%A8%E5%85%B5%E6%A8%A1%E5%BC%8F%E7%9A%84%E9%85%8D%E7%BD%AE%E4%B8%8E%E4%BD%BF%E7%94%A8/
http://wyzane.gitee.io/blog/2020/09/13/Python3%E4%B8%AD%E7%94%9F%E6%88%90%E5%99%A8%E5%92%8C%E5%8D%8F%E7%A8%8B%E7%9A%84%E4%BD%BF%E7%94%A8/
http://wyzane.gitee.io/blog/2020/08/30/openresty%E7%9A%84%E5%AE%89%E8%A3%85/
http://wyzane.gitee.io/blog/2020/08/02/nginx%E4%B8%AD%E5%A4%84%E7%90%86http%E8%AF%B7%E6%B1%82%E7%9A%84%E6%B5%81%E7%A8%8B/
http://wyzane.gitee.io/blog/2020/07/26/django%E5%BC%80%E5%8F%91%E4%B9%8B%E5%9C%A8docker%E4%B8%AD%E9%83%A8%E7%BD%B2%E9%A1%B9%E7%9B%AE/
http://wyzane.gitee.io/blog/2020/07/25/%E4%B8%BA%E5%B7%B2%E5%AE%89%E8%A3%85%E7%9A%84nginx%E5%8A%A8%E6%80%81%E6%B7%BB%E5%8A%A0%E6%A8%A1%E5%9D%97/
http://wyzane.gitee.io/blog/2020/07/20/%E4%BD%BF%E7%94%A8nginx%E6%90%AD%E5%BB%BA%E5%8F%8D%E5%90%91%E4%BB%A3%E7%90%86%E6%9C%8D%E5%8A%A1%E5%99%A8/
INFO  Hexo is running at http://localhost:4000 . Press Ctrl+C to stop.
(node:651) Warning: Accessing non-existent property 'lineno' of module exports inside circular dependency
(node:651) Warning: Accessing non-existent property 'column' of module exports inside circular dependency
(node:651) Warning: Accessing non-existent property 'filename' of module exports inside circular dependency
(node:651) Warning: Accessing non-existent property 'lineno' of module exports inside circular dependency
(node:651) Warning: Accessing non-existent property 'column' of module exports inside circular dependency
(node:651) Warning: Accessing non-existent property 'filename' of module exports inside circular dependency
(node:3014) Warning: Accessing non-existent property 'lineno' of module exports inside circular dependency
(Use `node --trace-warnings ...` to show where the warning was created)
(node:3014) Warning: Accessing non-existent property 'column' of module exports inside circular dependency
(node:3014) Warning: Accessing non-existent property 'filename' of module exports inside circular dependency
(node:3014) Warning: Accessing non-existent property 'lineno' of module exports inside circular dependency
(node:3014) Warning: Accessing non-existent property 'column' of module exports inside circular dependency
(node:3014) Warning: Accessing non-existent property 'filename' of module exports inside circular dependency
INFO  Start processing
INFO  Generating Baidu urls for last 10 posts
INFO  Posts urls generated in baidu_urls.txt
http://wyzane.gitee.io/blog/2021/09/04/Linux%E6%9C%8D%E5%8A%A1%E5%99%A8%E4%B9%8B%E9%97%B4%E5%85%8D%E5%AF%86%E7%99%BB%E5%BD%95%E7%9A%84%E9%85%8D%E7%BD%AE/
http://wyzane.gitee.io/blog/2021/08/24/jenkins%E7%9A%84%E5%AE%89%E8%A3%85%E4%B8%8E%E7%AE%80%E5%8D%95%E4%BD%BF%E7%94%A8/
http://wyzane.gitee.io/blog/2021/05/22/%E6%8F%90%E9%AB%98%E6%96%87%E6%9C%AC%E6%9F%A5%E8%AF%A2%E6%95%88%E7%8E%87%E7%9A%84%E5%87%A0%E4%B8%AA%E5%91%BD%E4%BB%A4/
http://wyzane.gitee.io/blog/2021/05/19/Redis%E5%93%A8%E5%85%B5%E6%A8%A1%E5%BC%8F%E7%9A%84%E9%85%8D%E7%BD%AE%E4%B8%8E%E4%BD%BF%E7%94%A8/
http://wyzane.gitee.io/blog/2020/09/13/Python3%E4%B8%AD%E7%94%9F%E6%88%90%E5%99%A8%E5%92%8C%E5%8D%8F%E7%A8%8B%E7%9A%84%E4%BD%BF%E7%94%A8/
http://wyzane.gitee.io/blog/2020/08/30/openresty%E7%9A%84%E5%AE%89%E8%A3%85/
http://wyzane.gitee.io/blog/2020/08/02/nginx%E4%B8%AD%E5%A4%84%E7%90%86http%E8%AF%B7%E6%B1%82%E7%9A%84%E6%B5%81%E7%A8%8B/
http://wyzane.gitee.io/blog/2020/07/26/django%E5%BC%80%E5%8F%91%E4%B9%8B%E5%9C%A8docker%E4%B8%AD%E9%83%A8%E7%BD%B2%E9%A1%B9%E7%9B%AE/
http://wyzane.gitee.io/blog/2020/07/25/%E4%B8%BA%E5%B7%B2%E5%AE%89%E8%A3%85%E7%9A%84nginx%E5%8A%A8%E6%80%81%E6%B7%BB%E5%8A%A0%E6%A8%A1%E5%9D%97/
http://wyzane.gitee.io/blog/2020/07/20/%E4%BD%BF%E7%94%A8nginx%E6%90%AD%E5%BB%BA%E5%8F%8D%E5%90%91%E4%BB%A3%E7%90%86%E6%9C%8D%E5%8A%A1%E5%99%A8/
INFO  Hexo is running at http://localhost:4000 . Press Ctrl+C to stop.
(node:3014) Warning: Accessing non-existent property 'lineno' of module exports inside circular dependency
(node:3014) Warning: Accessing non-existent property 'column' of module exports inside circular dependency
(node:3014) Warning: Accessing non-existent property 'filename' of module exports inside circular dependency
(node:3014) Warning: Accessing non-existent property 'lineno' of module exports inside circular dependency
(node:3014) Warning: Accessing non-existent property 'column' of module exports inside circular dependency
(node:3014) Warning: Accessing non-existent property 'filename' of module exports inside circular dependency
